2023-04-04 12:22:26,964  INFO [main] class:35 - Chrome Browser opened
2023-04-04 12:22:27,622  INFO [main] class:52 - DS Portal link Opened
2023-04-04 12:22:28,111  INFO [main] class:59 - Get started Button clicked
2023-04-04 12:22:28,142  INFO [main] class:67 - User navigates to Homepage
2023-04-04 12:22:28,584  INFO [main] class:76 - DsAlgo Home page
2023-04-04 12:22:28,878  INFO [main] class:84 - User clicks on get Started Button
2023-04-04 12:22:28,931  INFO [main] class:94 - Error Messge is displayed
2023-04-04 12:22:29,186  INFO [main] class:76 - DsAlgo Home page
2023-04-04 12:22:29,395  INFO [main] class:114 - Dropdown Options are counted
2023-04-04 12:22:29,608  INFO [main] class:76 - DsAlgo Home page
2023-04-04 12:22:29,615  INFO [main] class:150 - DropDown Option Arrays is Selected
2023-04-04 12:22:30,018  INFO [main] class:94 - Error Messge is displayed
2023-04-04 12:22:30,243  INFO [main] class:76 - DsAlgo Home page
2023-04-04 12:22:30,246  INFO [main] class:150 - DropDown Option Linked List is Selected
2023-04-04 12:22:30,683  INFO [main] class:94 - Error Messge is displayed
2023-04-04 12:22:30,857  INFO [main] class:76 - DsAlgo Home page
2023-04-04 12:22:30,861  INFO [main] class:150 - DropDown Option Stack is Selected
2023-04-04 12:22:31,291  INFO [main] class:94 - Error Messge is displayed
2023-04-04 12:22:31,510  INFO [main] class:76 - DsAlgo Home page
2023-04-04 12:22:31,513  INFO [main] class:150 - DropDown Option Queue is Selected
2023-04-04 12:22:31,948  INFO [main] class:94 - Error Messge is displayed
2023-04-04 12:22:32,118  INFO [main] class:76 - DsAlgo Home page
2023-04-04 12:22:32,120  INFO [main] class:150 - DropDown Option Tree is Selected
2023-04-04 12:22:32,563  INFO [main] class:94 - Error Messge is displayed
2023-04-04 12:22:32,704  INFO [main] class:76 - DsAlgo Home page
2023-04-04 12:22:32,705  INFO [main] class:150 - DropDown Option Graph is Selected
2023-04-04 12:22:33,117  INFO [main] class:94 - Error Messge is displayed
2023-04-04 12:22:33,359  INFO [main] class:76 - DsAlgo Home page
2023-04-04 12:22:33,874  INFO [main] class:145 - User is on Sign in Page
2023-04-04 12:22:34,170  INFO [main] class:76 - DsAlgo Home page
2023-04-04 12:22:34,482  INFO [main] class:130 - User is on DS algo registration page
2023-04-04 12:23:19,628  INFO [main] class:145 - User is on Sign in Page
2023-04-04 12:23:46,524  INFO [main] class:150 - DropDown Option Arrays is Selected
2023-04-04 12:23:48,588  INFO [main] class:150 - DropDown Option Linked List is Selected
2023-04-04 12:23:50,373  INFO [main] class:150 - DropDown Option Stack is Selected
2023-04-04 12:23:52,215  INFO [main] class:150 - DropDown Option Queue is Selected
2023-04-04 12:23:54,189  INFO [main] class:150 - DropDown Option Tree is Selected
2023-04-04 12:23:56,490  INFO [main] class:150 - DropDown Option Graph is Selected
2023-04-04 12:36:46,644  INFO [main] class:76 - DsAlgo Home page
2023-04-04 12:36:47,945  INFO [main] class:67 - User navigates to Homepage
2023-04-04 12:56:10,108  INFO [main] class:35 - Chrome Browser opened
2023-04-04 12:56:10,727  INFO [main] class:52 - DS Portal link Opened
2023-04-04 12:56:11,102  INFO [main] class:59 - Get started Button clicked
2023-04-04 12:56:11,111  INFO [main] class:67 - User navigates to Homepage
2023-04-04 12:56:11,318  INFO [main] class:76 - DsAlgo Home page
2023-04-04 12:56:11,575  INFO [main] class:84 - User clicks on get Started Button
2023-04-04 12:56:11,602  INFO [main] class:94 - Error Messge is displayed
2023-04-04 12:56:11,735  INFO [main] class:76 - DsAlgo Home page
2023-04-04 12:56:11,896  INFO [main] class:114 - Dropdown Options are counted
2023-04-04 12:56:12,039  INFO [main] class:76 - DsAlgo Home page
2023-04-04 12:56:12,041  INFO [main] class:150 - DropDown Option Arrays is Selected
2023-04-04 12:56:12,398  INFO [main] class:94 - Error Messge is displayed
2023-04-04 12:56:12,544  INFO [main] class:76 - DsAlgo Home page
2023-04-04 12:56:12,545  INFO [main] class:150 - DropDown Option Linked List is Selected
2023-04-04 12:56:12,889  INFO [main] class:94 - Error Messge is displayed
2023-04-04 12:56:13,013  INFO [main] class:76 - DsAlgo Home page
2023-04-04 12:56:13,015  INFO [main] class:150 - DropDown Option Stack is Selected
2023-04-04 12:56:13,357  INFO [main] class:94 - Error Messge is displayed
2023-04-04 12:56:13,571  INFO [main] class:76 - DsAlgo Home page
2023-04-04 12:56:13,573  INFO [main] class:150 - DropDown Option Queue is Selected
2023-04-04 12:56:13,886  INFO [main] class:94 - Error Messge is displayed
2023-04-04 12:56:14,004  INFO [main] class:76 - DsAlgo Home page
2023-04-04 12:56:14,005  INFO [main] class:150 - DropDown Option Tree is Selected
2023-04-04 12:56:14,318  INFO [main] class:94 - Error Messge is displayed
2023-04-04 12:56:14,439  INFO [main] class:76 - DsAlgo Home page
2023-04-04 12:56:14,440  INFO [main] class:150 - DropDown Option Graph is Selected
2023-04-04 12:56:14,760  INFO [main] class:94 - Error Messge is displayed
2023-04-04 12:56:14,880  INFO [main] class:76 - DsAlgo Home page
2023-04-04 12:56:15,137  INFO [main] class:145 - User is on Sign in Page
2023-04-04 12:56:15,280  INFO [main] class:76 - DsAlgo Home page
2023-04-04 12:56:15,449  INFO [main] class:130 - User is on DS algo registration page
2023-04-04 12:56:31,536  INFO [main] class:145 - User is on Sign in Page
2023-04-04 12:56:40,889  INFO [main] class:150 - DropDown Option Arrays is Selected
2023-04-04 12:56:42,283  INFO [main] class:150 - DropDown Option Linked List is Selected
2023-04-04 12:56:43,880  INFO [main] class:150 - DropDown Option Stack is Selected
2023-04-04 12:56:45,511  INFO [main] class:150 - DropDown Option Queue is Selected
2023-04-04 12:56:47,020  INFO [main] class:150 - DropDown Option Tree is Selected
2023-04-04 12:56:48,634  INFO [main] class:150 - DropDown Option Graph is Selected
2023-04-04 13:00:46,106  INFO [main] class:35 - Chrome Browser opened
2023-04-04 13:00:46,707  INFO [main] class:52 - DS Portal link Opened
2023-04-04 13:00:47,058  INFO [main] class:59 - Get started Button clicked
2023-04-04 13:00:47,069  INFO [main] class:67 - User navigates to Homepage
2023-04-04 13:00:47,294  INFO [main] class:76 - DsAlgo Home page
2023-04-04 13:00:47,567  INFO [main] class:84 - User clicks on get Started Button
2023-04-04 13:00:47,606  INFO [main] class:94 - Error Messge is displayed
2023-04-04 13:00:47,758  INFO [main] class:76 - DsAlgo Home page
2023-04-04 13:00:47,914  INFO [main] class:114 - Dropdown Options are counted
2023-04-04 13:00:48,077  INFO [main] class:76 - DsAlgo Home page
2023-04-04 13:00:48,079  INFO [main] class:150 - DropDown Option Arrays is Selected
2023-04-04 13:00:48,413  INFO [main] class:94 - Error Messge is displayed
2023-04-04 13:00:48,537  INFO [main] class:76 - DsAlgo Home page
2023-04-04 13:00:48,538  INFO [main] class:150 - DropDown Option Linked List is Selected
2023-04-04 13:00:48,852  INFO [main] class:94 - Error Messge is displayed
2023-04-04 13:00:48,980  INFO [main] class:76 - DsAlgo Home page
2023-04-04 13:00:48,980  INFO [main] class:150 - DropDown Option Stack is Selected
2023-04-04 13:00:49,310  INFO [main] class:94 - Error Messge is displayed
2023-04-04 13:00:49,429  INFO [main] class:76 - DsAlgo Home page
2023-04-04 13:00:49,430  INFO [main] class:150 - DropDown Option Queue is Selected
2023-04-04 13:00:49,758  INFO [main] class:94 - Error Messge is displayed
2023-04-04 13:00:49,872  INFO [main] class:76 - DsAlgo Home page
2023-04-04 13:00:49,873  INFO [main] class:150 - DropDown Option Tree is Selected
2023-04-04 13:00:50,198  INFO [main] class:94 - Error Messge is displayed
2023-04-04 13:00:50,355  INFO [main] class:76 - DsAlgo Home page
2023-04-04 13:00:50,355  INFO [main] class:150 - DropDown Option Graph is Selected
2023-04-04 13:00:50,683  INFO [main] class:94 - Error Messge is displayed
2023-04-04 13:00:50,813  INFO [main] class:76 - DsAlgo Home page
2023-04-04 13:00:51,096  INFO [main] class:145 - User is on Sign in Page
2023-04-04 13:00:51,251  INFO [main] class:76 - DsAlgo Home page
2023-04-04 13:00:51,444  INFO [main] class:130 - User is on DS algo registration page
2023-04-04 13:01:07,344  INFO [main] class:145 - User is on Sign in Page
2023-04-04 13:01:16,559  INFO [main] class:150 - DropDown Option Arrays is Selected
2023-04-04 13:01:17,977  INFO [main] class:150 - DropDown Option Linked List is Selected
2023-04-04 13:01:19,458  INFO [main] class:150 - DropDown Option Stack is Selected
2023-04-04 13:01:20,836  INFO [main] class:150 - DropDown Option Queue is Selected
2023-04-04 13:01:22,240  INFO [main] class:150 - DropDown Option Tree is Selected
2023-04-04 13:01:23,714  INFO [main] class:150 - DropDown Option Graph is Selected
2023-04-04 13:06:41,327  INFO [main] class:76 - DsAlgo Home page
2023-04-04 13:06:41,716  INFO [main] class:67 - User navigates to Homepage
2023-04-04 15:21:36,023  INFO [main] class:35 - Chrome Browser opened
2023-04-04 15:21:36,697  INFO [main] class:52 - DS Portal link Opened
2023-04-04 15:21:37,232  INFO [main] class:59 - Get started Button clicked
2023-04-04 15:21:37,250  INFO [main] class:67 - User navigates to Homepage
2023-04-04 15:21:37,666  INFO [main] class:76 - DsAlgo Home page
2023-04-04 15:21:37,996  INFO [main] class:84 - User clicks on get Started Button
2023-04-04 15:21:38,069  INFO [main] class:94 - Error Messge is displayed
2023-04-04 15:21:38,404  INFO [main] class:76 - DsAlgo Home page
2023-04-04 15:21:38,633  INFO [main] class:114 - Dropdown Options are counted
2023-04-04 15:21:38,921  INFO [main] class:76 - DsAlgo Home page
2023-04-04 15:21:38,925  INFO [main] class:150 - DropDown Option Arrays is Selected
2023-04-04 15:21:39,404  INFO [main] class:94 - Error Messge is displayed
2023-04-04 15:21:39,585  INFO [main] class:76 - DsAlgo Home page
2023-04-04 15:21:39,587  INFO [main] class:150 - DropDown Option Linked List is Selected
2023-04-04 15:21:40,025  INFO [main] class:94 - Error Messge is displayed
2023-04-04 15:21:40,231  INFO [main] class:76 - DsAlgo Home page
2023-04-04 15:21:40,233  INFO [main] class:150 - DropDown Option Stack is Selected
2023-04-04 15:21:40,669  INFO [main] class:94 - Error Messge is displayed
2023-04-04 15:21:40,895  INFO [main] class:76 - DsAlgo Home page
2023-04-04 15:21:40,897  INFO [main] class:150 - DropDown Option Queue is Selected
2023-04-04 15:21:41,355  INFO [main] class:94 - Error Messge is displayed
2023-04-04 15:21:41,581  INFO [main] class:76 - DsAlgo Home page
2023-04-04 15:21:41,584  INFO [main] class:150 - DropDown Option Tree is Selected
2023-04-04 15:21:42,101  INFO [main] class:94 - Error Messge is displayed
2023-04-04 15:21:42,290  INFO [main] class:76 - DsAlgo Home page
2023-04-04 15:21:42,292  INFO [main] class:150 - DropDown Option Graph is Selected
2023-04-04 15:21:42,822  INFO [main] class:94 - Error Messge is displayed
2023-04-04 15:21:43,067  INFO [main] class:76 - DsAlgo Home page
2023-04-04 15:21:43,490  INFO [main] class:145 - User is on Sign in Page
2023-04-04 15:21:43,758  INFO [main] class:76 - DsAlgo Home page
2023-04-04 15:21:44,072  INFO [main] class:130 - User is on DS algo registration page
2023-04-04 15:22:04,840  INFO [main] class:145 - User is on Sign in Page
2023-04-04 15:22:17,820  INFO [main] class:150 - DropDown Option Arrays is Selected
2023-04-04 15:22:19,428  INFO [main] class:150 - DropDown Option Linked List is Selected
2023-04-04 15:22:21,082  INFO [main] class:150 - DropDown Option Stack is Selected
2023-04-04 15:22:22,692  INFO [main] class:150 - DropDown Option Queue is Selected
2023-04-04 15:22:24,354  INFO [main] class:150 - DropDown Option Tree is Selected
2023-04-04 15:22:26,057  INFO [main] class:150 - DropDown Option Graph is Selected
2023-04-04 15:28:57,788  INFO [main] class:76 - DsAlgo Home page
2023-04-04 15:28:58,314  INFO [main] class:67 - User navigates to Homepage
2023-04-04 21:43:51,097  INFO [main] class:35 - Chrome Browser opened
2023-04-04 21:43:51,746  INFO [main] class:52 - DS Portal link Opened
2023-04-04 21:43:52,186  INFO [main] class:59 - Get started Button clicked
2023-04-04 21:43:52,203  INFO [main] class:67 - User navigates to Homepage
2023-04-04 21:43:52,394  INFO [main] class:76 - DsAlgo Home page
2023-04-04 21:43:52,695  INFO [main] class:84 - User clicks on get Started Button
2023-04-04 21:43:52,745  INFO [main] class:94 - Error Messge is displayed
2023-04-04 21:43:52,945  INFO [main] class:76 - DsAlgo Home page
2023-04-04 21:43:53,218  INFO [main] class:114 - Dropdown Options are counted
2023-04-04 21:43:53,472  INFO [main] class:76 - DsAlgo Home page
2023-04-04 21:43:53,475  INFO [main] class:150 - DropDown Option Arrays is Selected
2023-04-04 21:43:53,886  INFO [main] class:94 - Error Messge is displayed
2023-04-04 21:43:54,042  INFO [main] class:76 - DsAlgo Home page
2023-04-04 21:43:54,043  INFO [main] class:150 - DropDown Option Linked List is Selected
2023-04-04 21:43:54,748  INFO [main] class:94 - Error Messge is displayed
2023-04-04 21:43:55,029  INFO [main] class:76 - DsAlgo Home page
2023-04-04 21:43:55,031  INFO [main] class:150 - DropDown Option Stack is Selected
2023-04-04 21:43:55,697  INFO [main] class:94 - Error Messge is displayed
2023-04-04 21:43:55,880  INFO [main] class:76 - DsAlgo Home page
2023-04-04 21:43:55,881  INFO [main] class:150 - DropDown Option Queue is Selected
2023-04-04 21:43:56,464  INFO [main] class:94 - Error Messge is displayed
2023-04-04 21:43:56,692  INFO [main] class:76 - DsAlgo Home page
2023-04-04 21:43:56,693  INFO [main] class:150 - DropDown Option Tree is Selected
2023-04-04 21:43:57,271  INFO [main] class:94 - Error Messge is displayed
2023-04-04 21:43:57,497  INFO [main] class:76 - DsAlgo Home page
2023-04-04 21:43:57,498  INFO [main] class:150 - DropDown Option Graph is Selected
2023-04-04 21:43:58,090  INFO [main] class:94 - Error Messge is displayed
2023-04-04 21:43:58,308  INFO [main] class:76 - DsAlgo Home page
2023-04-04 21:43:58,724  INFO [main] class:145 - User is on Sign in Page
2023-04-04 21:43:58,976  INFO [main] class:76 - DsAlgo Home page
2023-04-04 21:43:59,252  INFO [main] class:130 - User is on DS algo registration page
2023-04-18 10:59:29,174  INFO [main] class:35 - Chrome Browser opened
2023-04-18 10:59:29,809  INFO [main] class:52 - DS Portal link Opened
2023-04-18 10:59:30,210  INFO [main] class:59 - Get started Button clicked
2023-04-18 10:59:30,222  INFO [main] class:67 - User navigates to Homepage
2023-04-18 10:59:30,472  INFO [main] class:76 - DsAlgo Home page
2023-04-18 10:59:30,792  INFO [main] class:84 - User clicks on get Started Button
2023-04-18 10:59:30,830  INFO [main] class:94 - Error Messge is displayed
2023-04-18 10:59:30,976  INFO [main] class:76 - DsAlgo Home page
2023-04-18 10:59:31,178  INFO [main] class:114 - Dropdown Options are counted
2023-04-18 10:59:31,361  INFO [main] class:76 - DsAlgo Home page
2023-04-18 10:59:31,363  INFO [main] class:150 - DropDown Option Arrays is Selected
2023-04-18 10:59:31,748  INFO [main] class:94 - Error Messge is displayed
2023-04-18 10:59:31,884  INFO [main] class:76 - DsAlgo Home page
2023-04-18 10:59:31,884  INFO [main] class:150 - DropDown Option Linked List is Selected
2023-04-18 10:59:32,255  INFO [main] class:94 - Error Messge is displayed
2023-04-18 10:59:32,410  INFO [main] class:76 - DsAlgo Home page
2023-04-18 10:59:32,411  INFO [main] class:150 - DropDown Option Stack is Selected
2023-04-18 10:59:32,801  INFO [main] class:94 - Error Messge is displayed
2023-04-18 10:59:32,946  INFO [main] class:76 - DsAlgo Home page
2023-04-18 10:59:32,947  INFO [main] class:150 - DropDown Option Queue is Selected
2023-04-18 10:59:33,326  INFO [main] class:94 - Error Messge is displayed
2023-04-18 10:59:33,470  INFO [main] class:76 - DsAlgo Home page
2023-04-18 10:59:33,471  INFO [main] class:150 - DropDown Option Tree is Selected
2023-04-18 10:59:33,856  INFO [main] class:94 - Error Messge is displayed
2023-04-18 10:59:34,011  INFO [main] class:76 - DsAlgo Home page
2023-04-18 10:59:34,012  INFO [main] class:150 - DropDown Option Graph is Selected
2023-04-18 10:59:34,388  INFO [main] class:94 - Error Messge is displayed
2023-04-18 10:59:34,549  INFO [main] class:76 - DsAlgo Home page
2023-04-18 10:59:34,862  INFO [main] class:145 - User is on Sign in Page
2023-04-18 10:59:35,011  INFO [main] class:76 - DsAlgo Home page
2023-04-18 10:59:35,253  INFO [main] class:130 - User is on DS algo registration page
2023-04-18 10:59:51,454  INFO [main] class:145 - User is on Sign in Page
2023-04-18 11:00:01,162  INFO [main] class:150 - DropDown Option Arrays is Selected
2023-04-18 11:00:02,682  INFO [main] class:150 - DropDown Option Linked List is Selected
2023-04-18 11:00:04,265  INFO [main] class:150 - DropDown Option Stack is Selected
2023-04-18 11:00:05,745  INFO [main] class:150 - DropDown Option Queue is Selected
2023-04-18 11:00:07,207  INFO [main] class:150 - DropDown Option Tree is Selected
2023-04-18 11:00:08,771  INFO [main] class:150 - DropDown Option Graph is Selected
2023-04-18 11:05:34,261  INFO [main] class:76 - DsAlgo Home page
2023-04-18 11:05:34,681  INFO [main] class:67 - User navigates to Homepage
2023-04-18 12:14:58,464  INFO [main] class:35 - Chrome Browser opened
2023-04-18 12:14:59,026  INFO [main] class:52 - DS Portal link Opened
2023-04-18 12:14:59,433  INFO [main] class:59 - Get started Button clicked
2023-04-18 12:14:59,447  INFO [main] class:67 - User navigates to Homepage
2023-04-18 12:14:59,669  INFO [main] class:76 - DsAlgo Home page
2023-04-18 12:14:59,985  INFO [main] class:84 - User clicks on get Started Button
2023-04-18 12:15:00,026  INFO [main] class:94 - Error Messge is displayed
2023-04-18 12:15:00,193  INFO [main] class:76 - DsAlgo Home page
2023-04-18 12:15:00,407  INFO [main] class:114 - Dropdown Options are counted
2023-04-18 12:15:00,574  INFO [main] class:76 - DsAlgo Home page
2023-04-18 12:15:00,577  INFO [main] class:150 - DropDown Option Arrays is Selected
2023-04-18 12:15:00,966  INFO [main] class:94 - Error Messge is displayed
2023-04-18 12:15:01,111  INFO [main] class:76 - DsAlgo Home page
2023-04-18 12:15:01,112  INFO [main] class:150 - DropDown Option Linked List is Selected
2023-04-18 12:15:01,475  INFO [main] class:94 - Error Messge is displayed
2023-04-18 12:15:01,624  INFO [main] class:76 - DsAlgo Home page
2023-04-18 12:15:01,625  INFO [main] class:150 - DropDown Option Stack is Selected
2023-04-18 12:15:01,995  INFO [main] class:94 - Error Messge is displayed
2023-04-18 12:15:02,150  INFO [main] class:76 - DsAlgo Home page
2023-04-18 12:15:02,151  INFO [main] class:150 - DropDown Option Queue is Selected
2023-04-18 12:17:39,009  INFO [main] class:53 - DS Portal link Opened
2023-04-18 12:17:39,362  INFO [main] class:60 - Get started Button clicked
2023-04-18 12:17:39,374  INFO [main] class:68 - User navigates to Homepage
2023-04-18 12:17:39,634  INFO [main] class:77 - DsAlgo Home page
2023-04-18 12:17:39,936  INFO [main] class:85 - User clicks on get Started Button
2023-04-18 12:17:39,975  INFO [main] class:95 - Error Messge is displayed
2023-04-18 12:17:40,135  INFO [main] class:77 - DsAlgo Home page
2023-04-18 12:17:40,310  INFO [main] class:115 - Dropdown Options are counted
2023-04-18 12:17:40,486  INFO [main] class:77 - DsAlgo Home page
2023-04-18 12:17:40,487  INFO [main] class:151 - DropDown Option Arrays is Selected
2023-04-18 12:17:40,870  INFO [main] class:95 - Error Messge is displayed
2023-04-18 12:17:41,021  INFO [main] class:77 - DsAlgo Home page
2023-04-18 12:17:41,022  INFO [main] class:151 - DropDown Option Linked List is Selected
2023-04-18 12:17:41,401  INFO [main] class:95 - Error Messge is displayed
2023-04-18 12:17:41,552  INFO [main] class:77 - DsAlgo Home page
2023-04-18 12:17:41,553  INFO [main] class:151 - DropDown Option Stack is Selected
2023-04-18 12:17:41,903  INFO [main] class:95 - Error Messge is displayed
2023-04-18 12:17:42,051  INFO [main] class:77 - DsAlgo Home page
2023-04-18 12:17:42,051  INFO [main] class:151 - DropDown Option Queue is Selected
2023-04-18 12:17:42,394  INFO [main] class:95 - Error Messge is displayed
2023-04-18 12:17:42,537  INFO [main] class:77 - DsAlgo Home page
2023-04-18 12:17:42,538  INFO [main] class:151 - DropDown Option Tree is Selected
2023-04-18 12:17:42,934  INFO [main] class:95 - Error Messge is displayed
2023-04-18 12:17:43,089  INFO [main] class:77 - DsAlgo Home page
2023-04-18 12:17:43,090  INFO [main] class:151 - DropDown Option Graph is Selected
2023-04-18 12:17:43,452  INFO [main] class:95 - Error Messge is displayed
2023-04-18 12:17:43,602  INFO [main] class:77 - DsAlgo Home page
2023-04-18 12:17:43,914  INFO [main] class:146 - User is on Sign in Page
2023-04-18 12:17:44,093  INFO [main] class:77 - DsAlgo Home page
2023-04-18 12:17:44,388  INFO [main] class:131 - User is on DS algo registration page
